# JRE version: Java(TM) SE Runtime Environment (7.0_80-b15) (build 1.7.0_80-b15)
# Java VM: Java HotSpot(TM) 64-Bit Server VM (24.80-b11 mixed mode linux-amd64 compressed oops)
Heap
 PSYoungGen      total 126464K, used 13036K [0x00000000eaa80000, 0x00000000f7e00000, 0x0000000100000000)
  eden space 104448K, 0% used [0x00000000eaa80000,0x00000000eaa80000,0x00000000f1080000)
  from space 22016K, 59% used [0x00000000f3a00000,0x00000000f46bb188,0x00000000f4f80000)
  to   space 42496K, 0% used [0x00000000f1080000,0x00000000f1080000,0x00000000f3a00000)
 ParOldGen       total 85504K, used 85000K [0x00000000c0000000, 0x00000000c5380000, 0x00000000eaa80000)
  object space 85504K, 99% used [0x00000000c0000000,0x00000000c53023f8,0x00000000c5380000)
 PSPermGen       total 32768K, used 8445K [0x00000000b6000000, 0x00000000b8000000, 0x00000000c0000000)
  object space 32768K, 25% used [0x00000000b6000000,0x00000000b683f420,0x00000000b8000000)
GC Heap History (10 events):
Event: 4.270 GC heap after
Heap after GC invocations=7 (full 0):
 PSYoungGen      total 77824K, used 11765K [0x00000000eaa80000, 0x00000000f5380000, 0x0000000100000000)
  eden space 66048K, 0% used [0x00000000eaa80000,0x00000000eaa80000,0x00000000eeb00000)
  from space 11776K, 99% used [0x00000000eeb00000,0x00000000ef67d568,0x00000000ef680000)
  to   space 20480K, 0% used [0x00000000f3f80000,0x00000000f3f80000,0x00000000f5380000)
 ParOldGen       total 44032K, used 33953K [0x00000000c0000000, 0x00000000c2b00000, 0x00000000eaa80000)
  object space 44032K, 77% used [0x00000000c0000000,0x00000000c2128450,0x00000000c2b00000)
 PSPermGen       total 32768K, used 8314K [0x00000000b6000000, 0x00000000b8000000, 0x00000000c0000000)
  object space 32768K, 25% used [0x00000000b6000000,0x00000000b681e838,0x00000000b8000000)
}
Event: 4.270 GC heap before
{Heap before GC invocations=8 (full 1):
 PSYoungGen      total 77824K, used 11765K [0x00000000eaa80000, 0x00000000f5380000, 0x0000000100000000)
  eden space 66048K, 0% used [0x00000000eaa80000,0x00000000eaa80000,0x00000000eeb00000)
  from space 11776K, 99% used [0x00000000eeb00000,0x00000000ef67d568,0x00000000ef680000)
  to   space 20480K, 0% used [0x00000000f3f80000,0x00000000f3f80000,0x00000000f5380000)
 ParOldGen       total 44032K, used 33953K [0x00000000c0000000, 0x00000000c2b00000, 0x00000000eaa80000)
  object space 44032K, 77% used [0x00000000c0000000,0x00000000c2128450,0x00000000c2b00000)
 PSPermGen       total 32768K, used 8314K [0x00000000b6000000, 0x00000000b8000000, 0x00000000c0000000)
  object space 32768K, 25% used [0x00000000b6000000,0x00000000b681e838,0x00000000b8000000)
Event: 4.800 GC heap after
Heap after GC invocations=8 (full 1):
 PSYoungGen      total 77824K, used 0K [0x00000000eaa80000, 0x00000000f5380000, 0x0000000100000000)
  eden space 66048K, 0% used [0x00000000eaa80000,0x00000000eaa80000,0x00000000eeb00000)
  from space 11776K, 0% used [0x00000000eeb00000,0x00000000eeb00000,0x00000000ef680000)
  to   space 20480K, 0% used [0x00000000f3f80000,0x00000000f3f80000,0x00000000f5380000)
 ParOldGen       total 83456K, used 43978K [0x00000000c0000000, 0x00000000c5180000, 0x00000000eaa80000)
  object space 83456K, 52% used [0x00000000c0000000,0x00000000c2af2bf0,0x00000000c5180000)
 PSPermGen       total 32768K, used 8308K [0x00000000b6000000, 0x00000000b8000000, 0x00000000c0000000)
  object space 32768K, 25% used [0x00000000b6000000,0x00000000b681d020,0x00000000b8000000)
}
Event: 5.655 GC heap before
{Heap before GC invocations=9 (full 1):
 PSYoungGen      total 77824K, used 66048K [0x00000000eaa80000, 0x00000000f5380000, 0x0000000100000000)
  eden space 66048K, 100% used [0x00000000eaa80000,0x00000000eeb00000,0x00000000eeb00000)
  from space 11776K, 0% used [0x00000000eeb00000,0x00000000eeb00000,0x00000000ef680000)
  to   space 20480K, 0% used [0x00000000f3f80000,0x00000000f3f80000,0x00000000f5380000)
 ParOldGen       total 83456K, used 43978K [0x00000000c0000000, 0x00000000c5180000, 0x00000000eaa80000)
  object space 83456K, 52% used [0x00000000c0000000,0x00000000c2af2bf0,0x00000000c5180000)
 PSPermGen       total 32768K, used 8353K [0x00000000b6000000, 0x00000000b8000000, 0x00000000c0000000)
  object space 32768K, 25% used [0x00000000b6000000,0x00000000b6828500,0x00000000b8000000)
Event: 5.675 GC heap after
Heap after GC invocations=9 (full 1):
 PSYoungGen      total 104960K, used 16673K [0x00000000eaa80000, 0x00000000f5000000, 0x0000000100000000)
  eden space 88064K, 0% used [0x00000000eaa80000,0x00000000eaa80000,0x00000000f0080000)
  from space 16896K, 98% used [0x00000000f3f80000,0x00000000f4fc8540,0x00000000f5000000)
  to   space 22528K, 0% used [0x00000000f2400000,0x00000000f2400000,0x00000000f3a00000)
 ParOldGen       total 83456K, used 43978K [0x00000000c0000000, 0x00000000c5180000, 0x00000000eaa80000)
  object space 83456K, 52% used [0x00000000c0000000,0x00000000c2af2bf0,0x00000000c5180000)
 PSPermGen       total 32768K, used 8353K [0x00000000b6000000, 0x00000000b8000000, 0x00000000c0000000)
  object space 32768K, 25% used [0x00000000b6000000,0x00000000b6828500,0x00000000b8000000)
}
Event: 6.428 GC heap before
{Heap before GC invocations=10 (full 1):
 PSYoungGen      total 104960K, used 104737K [0x00000000eaa80000, 0x00000000f5000000, 0x0000000100000000)
  eden space 88064K, 100% used [0x00000000eaa80000,0x00000000f0080000,0x00000000f0080000)
  from space 16896K, 98% used [0x00000000f3f80000,0x00000000f4fc8540,0x00000000f5000000)
  to   space 22528K, 0% used [0x00000000f2400000,0x00000000f2400000,0x00000000f3a00000)
 ParOldGen       total 83456K, used 43978K [0x00000000c0000000, 0x00000000c5180000, 0x00000000eaa80000)
  object space 83456K, 52% used [0x00000000c0000000,0x00000000c2af2bf0,0x00000000c5180000)
 PSPermGen       total 32768K, used 8439K [0x00000000b6000000, 0x00000000b8000000, 0x00000000c0000000)
  object space 32768K, 25% used [0x00000000b6000000,0x00000000b683dd70,0x00000000b8000000)
Event: 6.469 GC heap after
Heap after GC invocations=10 (full 1):
 PSYoungGen      total 128000K, used 22514K [0x00000000eaa80000, 0x00000000f4f80000, 0x0000000100000000)
  eden space 105472K, 0% used [0x00000000eaa80000,0x00000000eaa80000,0x00000000f1180000)
  from space 22528K, 99% used [0x00000000f2400000,0x00000000f39fcb38,0x00000000f3a00000)
  to   space 22016K, 0% used [0x00000000f3a00000,0x00000000f3a00000,0x00000000f4f80000)
 ParOldGen       total 83456K, used 58986K [0x00000000c0000000, 0x00000000c5180000, 0x00000000eaa80000)
  object space 83456K, 70% used [0x00000000c0000000,0x00000000c399ab20,0x00000000c5180000)
 PSPermGen       total 32768K, used 8439K [0x00000000b6000000, 0x00000000b8000000, 0x00000000c0000000)
  object space 32768K, 25% used [0x00000000b6000000,0x00000000b683dd70,0x00000000b8000000)
}
Event: 7.083 GC heap before
{Heap before GC invocations=11 (full 1):
 PSYoungGen      total 128000K, used 127986K [0x00000000eaa80000, 0x00000000f4f80000, 0x0000000100000000)
  eden space 105472K, 100% used [0x00000000eaa80000,0x00000000f1180000,0x00000000f1180000)
  from space 22528K, 99% used [0x00000000f2400000,0x00000000f39fcb38,0x00000000f3a00000)
  to   space 22016K, 0% used [0x00000000f3a00000,0x00000000f3a00000,0x00000000f4f80000)
 ParOldGen       total 83456K, used 58986K [0x00000000c0000000, 0x00000000c5180000, 0x00000000eaa80000)
  object space 83456K, 70% used [0x00000000c0000000,0x00000000c399ab20,0x00000000c5180000)
 PSPermGen       total 32768K, used 8446K [0x00000000b6000000, 0x00000000b8000000, 0x00000000c0000000)
  object space 32768K, 25% used [0x00000000b6000000,0x00000000b683fb00,0x00000000b8000000)
Event: 7.193 GC heap after
Heap after GC invocations=11 (full 1):
 PSYoungGen      total 126464K, used 21986K [0x00000000eaa80000, 0x00000000f7e00000, 0x0000000100000000)
  eden space 104448K, 0% used [0x00000000eaa80000,0x00000000eaa80000,0x00000000f1080000)
  from space 22016K, 99% used [0x00000000f3a00000,0x00000000f4f78af0,0x00000000f4f80000)
  to   space 42496K, 0% used [0x00000000f1080000,0x00000000f1080000,0x00000000f3a00000)
 ParOldGen       total 85504K, used 84006K [0x00000000c0000000, 0x00000000c5380000, 0x00000000eaa80000)
  object space 85504K, 98% used [0x00000000c0000000,0x00000000c5209be0,0x00000000c5380000)
 PSPermGen       total 32768K, used 8446K [0x00000000b6000000, 0x00000000b8000000, 0x00000000c0000000)
  object space 32768K, 25% used [0x00000000b6000000,0x00000000b683fb00,0x00000000b8000000)
}
Event: 7.233 GC heap before
{Heap before GC invocations=12 (full 2):
 PSYoungGen      total 126464K, used 21986K [0x00000000eaa80000, 0x00000000f7e00000, 0x0000000100000000)
  eden space 104448K, 0% used [0x00000000eaa80000,0x00000000eaa80000,0x00000000f1080000)
  from space 22016K, 99% used [0x00000000f3a00000,0x00000000f4f78af0,0x00000000f4f80000)
  to   space 42496K, 0% used [0x00000000f1080000,0x00000000f1080000,0x00000000f3a00000)
 ParOldGen       total 85504K, used 84006K [0x00000000c0000000, 0x00000000c5380000, 0x00000000eaa80000)
  object space 85504K, 98% used [0x00000000c0000000,0x00000000c5209be0,0x00000000c5380000)
 PSPermGen       total 32768K, used 8446K [0x00000000b6000000, 0x00000000b8000000, 0x00000000c0000000)
  object space 32768K, 25% used [0x00000000b6000000,0x00000000b683fb00,0x00000000b8000000)

