# JRE version: Java(TM) SE Runtime Environment (7.0_80-b15) (build 1.7.0_80-b15)
# Java VM: Java HotSpot(TM) 64-Bit Server VM (24.80-b11 mixed mode linux-amd64 compressed oops)
Heap
 PSYoungGen      total 129024K, used 7561K [0x00000000eaa80000, 0x00000000f9780000, 0x0000000100000000)
  eden space 102912K, 0% used [0x00000000eaa80000,0x00000000eaa80000,0x00000000f0f00000)
  from space 26112K, 28% used [0x00000000f3c80000,0x00000000f43e27f0,0x00000000f5600000)
  to   space 46592K, 0% used [0x00000000f0f00000,0x00000000f0f00000,0x00000000f3c80000)
 ParOldGen       total 81920K, used 81536K [0x00000000c0000000, 0x00000000c5000000, 0x00000000eaa80000)
  object space 81920K, 99% used [0x00000000c0000000,0x00000000c4fa02d8,0x00000000c5000000)
 PSPermGen       total 32768K, used 8456K [0x00000000b6000000, 0x00000000b8000000, 0x00000000c0000000)
  object space 32768K, 25% used [0x00000000b6000000,0x00000000b68423f8,0x00000000b8000000)
GC Heap History (10 events):
Event: 4.366 GC heap after
Heap after GC invocations=5 (full 0):
 PSYoungGen      total 70144K, used 2552K [0x00000000eaa80000, 0x00000000f5380000, 0x0000000100000000)
  eden space 67584K, 0% used [0x00000000eaa80000,0x00000000eaa80000,0x00000000eec80000)
  from space 2560K, 99% used [0x00000000eec80000,0x00000000eeefe3b8,0x00000000eef00000)
  to   space 18944K, 0% used [0x00000000f4100000,0x00000000f4100000,0x00000000f5380000)
 ParOldGen       total 44032K, used 34399K [0x00000000c0000000, 0x00000000c2b00000, 0x00000000eaa80000)
  object space 44032K, 78% used [0x00000000c0000000,0x00000000c2197f10,0x00000000c2b00000)
 PSPermGen       total 32768K, used 8239K [0x00000000b6000000, 0x00000000b8000000, 0x00000000c0000000)
  object space 32768K, 25% used [0x00000000b6000000,0x00000000b680bc48,0x00000000b8000000)
}
Event: 4.366 GC heap before
{Heap before GC invocations=6 (full 1):
 PSYoungGen      total 70144K, used 2552K [0x00000000eaa80000, 0x00000000f5380000, 0x0000000100000000)
  eden space 67584K, 0% used [0x00000000eaa80000,0x00000000eaa80000,0x00000000eec80000)
  from space 2560K, 99% used [0x00000000eec80000,0x00000000eeefe3b8,0x00000000eef00000)
  to   space 18944K, 0% used [0x00000000f4100000,0x00000000f4100000,0x00000000f5380000)
 ParOldGen       total 44032K, used 34399K [0x00000000c0000000, 0x00000000c2b00000, 0x00000000eaa80000)
  object space 44032K, 78% used [0x00000000c0000000,0x00000000c2197f10,0x00000000c2b00000)
 PSPermGen       total 32768K, used 8239K [0x00000000b6000000, 0x00000000b8000000, 0x00000000c0000000)
  object space 32768K, 25% used [0x00000000b6000000,0x00000000b680bc48,0x00000000b8000000)
Event: 4.831 GC heap after
Heap after GC invocations=6 (full 1):
 PSYoungGen      total 70144K, used 0K [0x00000000eaa80000, 0x00000000f5380000, 0x0000000100000000)
  eden space 67584K, 0% used [0x00000000eaa80000,0x00000000eaa80000,0x00000000eec80000)
  from space 2560K, 0% used [0x00000000eec80000,0x00000000eec80000,0x00000000eef00000)
  to   space 18944K, 0% used [0x00000000f4100000,0x00000000f4100000,0x00000000f5380000)
 ParOldGen       total 81920K, used 35747K [0x00000000c0000000, 0x00000000c5000000, 0x00000000eaa80000)
  object space 81920K, 43% used [0x00000000c0000000,0x00000000c22e8d20,0x00000000c5000000)
 PSPermGen       total 32768K, used 8233K [0x00000000b6000000, 0x00000000b8000000, 0x00000000c0000000)
  object space 32768K, 25% used [0x00000000b6000000,0x00000000b680a5b8,0x00000000b8000000)
}
Event: 5.486 GC heap before
{Heap before GC invocations=7 (full 1):
 PSYoungGen      total 70144K, used 67584K [0x00000000eaa80000, 0x00000000f5380000, 0x0000000100000000)
  eden space 67584K, 100% used [0x00000000eaa80000,0x00000000eec80000,0x00000000eec80000)
  from space 2560K, 0% used [0x00000000eec80000,0x00000000eec80000,0x00000000eef00000)
  to   space 18944K, 0% used [0x00000000f4100000,0x00000000f4100000,0x00000000f5380000)
 ParOldGen       total 81920K, used 35747K [0x00000000c0000000, 0x00000000c5000000, 0x00000000eaa80000)
  object space 81920K, 43% used [0x00000000c0000000,0x00000000c22e8d20,0x00000000c5000000)
 PSPermGen       total 32768K, used 8276K [0x00000000b6000000, 0x00000000b8000000, 0x00000000c0000000)
  object space 32768K, 25% used [0x00000000b6000000,0x00000000b68152d0,0x00000000b8000000)
Event: 5.533 GC heap after
Heap after GC invocations=7 (full 1):
 PSYoungGen      total 102400K, used 16891K [0x00000000eaa80000, 0x00000000f5180000, 0x0000000100000000)
  eden space 85504K, 0% used [0x00000000eaa80000,0x00000000eaa80000,0x00000000efe00000)
  from space 16896K, 99% used [0x00000000f4100000,0x00000000f517eda0,0x00000000f5180000)
  to   space 21504K, 0% used [0x00000000f2780000,0x00000000f2780000,0x00000000f3c80000)
 ParOldGen       total 81920K, used 35747K [0x00000000c0000000, 0x00000000c5000000, 0x00000000eaa80000)
  object space 81920K, 43% used [0x00000000c0000000,0x00000000c22e8d20,0x00000000c5000000)
 PSPermGen       total 32768K, used 8276K [0x00000000b6000000, 0x00000000b8000000, 0x00000000c0000000)
  object space 32768K, 25% used [0x00000000b6000000,0x00000000b68152d0,0x00000000b8000000)
}
Event: 6.475 GC heap before
{Heap before GC invocations=8 (full 1):
 PSYoungGen      total 102400K, used 102395K [0x00000000eaa80000, 0x00000000f5180000, 0x0000000100000000)
  eden space 85504K, 100% used [0x00000000eaa80000,0x00000000efe00000,0x00000000efe00000)
  from space 16896K, 99% used [0x00000000f4100000,0x00000000f517eda0,0x00000000f5180000)
  to   space 21504K, 0% used [0x00000000f2780000,0x00000000f2780000,0x00000000f3c80000)
 ParOldGen       total 81920K, used 35747K [0x00000000c0000000, 0x00000000c5000000, 0x00000000eaa80000)
  object space 81920K, 43% used [0x00000000c0000000,0x00000000c22e8d20,0x00000000c5000000)
 PSPermGen       total 32768K, used 8407K [0x00000000b6000000, 0x00000000b8000000, 0x00000000c0000000)
  object space 32768K, 25% used [0x00000000b6000000,0x00000000b6835e28,0x00000000b8000000)
Event: 6.526 GC heap after
Heap after GC invocations=8 (full 1):
 PSYoungGen      total 131584K, used 21491K [0x00000000eaa80000, 0x00000000f5600000, 0x0000000100000000)
  eden space 110080K, 0% used [0x00000000eaa80000,0x00000000eaa80000,0x00000000f1600000)
  from space 21504K, 99% used [0x00000000f2780000,0x00000000f3c7cc30,0x00000000f3c80000)
  to   space 26112K, 0% used [0x00000000f3c80000,0x00000000f3c80000,0x00000000f5600000)
 ParOldGen       total 81920K, used 50719K [0x00000000c0000000, 0x00000000c5000000, 0x00000000eaa80000)
  object space 81920K, 61% used [0x00000000c0000000,0x00000000c3187f10,0x00000000c5000000)
 PSPermGen       total 32768K, used 8407K [0x00000000b6000000, 0x00000000b8000000, 0x00000000c0000000)
  object space 32768K, 25% used [0x00000000b6000000,0x00000000b6835e28,0x00000000b8000000)
}
Event: 6.983 GC heap before
{Heap before GC invocations=9 (full 1):
 PSYoungGen      total 131584K, used 131571K [0x00000000eaa80000, 0x00000000f5600000, 0x0000000100000000)
  eden space 110080K, 100% used [0x00000000eaa80000,0x00000000f1600000,0x00000000f1600000)
  from space 21504K, 99% used [0x00000000f2780000,0x00000000f3c7cc30,0x00000000f3c80000)
  to   space 26112K, 0% used [0x00000000f3c80000,0x00000000f3c80000,0x00000000f5600000)
 ParOldGen       total 81920K, used 50719K [0x00000000c0000000, 0x00000000c5000000, 0x00000000eaa80000)
  object space 81920K, 61% used [0x00000000c0000000,0x00000000c3187f10,0x00000000c5000000)
 PSPermGen       total 32768K, used 8459K [0x00000000b6000000, 0x00000000b8000000, 0x00000000c0000000)
  object space 32768K, 25% used [0x00000000b6000000,0x00000000b6842d30,0x00000000b8000000)
Event: 7.033 GC heap after
Heap after GC invocations=9 (full 1):
 PSYoungGen      total 129024K, used 26110K [0x00000000eaa80000, 0x00000000f9780000, 0x0000000100000000)
  eden space 102912K, 0% used [0x00000000eaa80000,0x00000000eaa80000,0x00000000f0f00000)
  from space 26112K, 99% used [0x00000000f3c80000,0x00000000f55ff920,0x00000000f5600000)
  to   space 46592K, 0% used [0x00000000f0f00000,0x00000000f0f00000,0x00000000f3c80000)
 ParOldGen       total 81920K, used 75048K [0x00000000c0000000, 0x00000000c5000000, 0x00000000eaa80000)
  object space 81920K, 91% used [0x00000000c0000000,0x00000000c494a0a0,0x00000000c5000000)
 PSPermGen       total 32768K, used 8459K [0x00000000b6000000, 0x00000000b8000000, 0x00000000c0000000)
  object space 32768K, 25% used [0x00000000b6000000,0x00000000b6842d30,0x00000000b8000000)
}
Event: 7.172 GC heap before
{Heap before GC invocations=10 (full 2):
 PSYoungGen      total 129024K, used 26110K [0x00000000eaa80000, 0x00000000f9780000, 0x0000000100000000)
  eden space 102912K, 0% used [0x00000000eaa80000,0x00000000eaa80000,0x00000000f0f00000)
  from space 26112K, 99% used [0x00000000f3c80000,0x00000000f55ff920,0x00000000f5600000)
  to   space 46592K, 0% used [0x00000000f0f00000,0x00000000f0f00000,0x00000000f3c80000)
 ParOldGen       total 81920K, used 75048K [0x00000000c0000000, 0x00000000c5000000, 0x00000000eaa80000)
  object space 81920K, 91% used [0x00000000c0000000,0x00000000c494a0a0,0x00000000c5000000)
 PSPermGen       total 32768K, used 8459K [0x00000000b6000000, 0x00000000b8000000, 0x00000000c0000000)
  object space 32768K, 25% used [0x00000000b6000000,0x00000000b6842d30,0x00000000b8000000)

